[debug] [2022-04-22T17:11:53.977Z] ----------------------------------------------------------------------
[debug] [2022-04-22T17:11:53.979Z] Command:       /home/adtjha/.nvm/versions/node/v16.4.2/bin/node /home/linuxbrew/.linuxbrew/bin/firebase emulators:start
[debug] [2022-04-22T17:11:53.979Z] CLI Version:   10.7.0
[debug] [2022-04-22T17:11:53.979Z] Platform:      linux
[debug] [2022-04-22T17:11:53.979Z] Node Version:  v16.4.2
[debug] [2022-04-22T17:11:53.980Z] Time:          Fri Apr 22 2022 22:41:53 GMT+0530 (India Standard Time)
[debug] [2022-04-22T17:11:53.980Z] ----------------------------------------------------------------------
[debug] 
[debug] [2022-04-22T17:11:54.047Z] > command requires scopes: ["email","openid","https://www.googleapis.com/auth/cloudplatformprojects.readonly","https://www.googleapis.com/auth/firebase","https://www.googleapis.com/auth/cloud-platform"]
[debug] [2022-04-22T17:11:54.047Z] > authorizing via signed-in user (adtjha1@gmail.com)
[debug] [2022-04-22T17:11:54.127Z] openjdk version "11.0.14" 2022-01-18
[debug] [2022-04-22T17:11:54.127Z] 
OpenJDK Runtime Environment (build 11.0.14+9-Ubuntu-0ubuntu2.20.04)
OpenJDK 64-Bit Server VM (build 11.0.14+9-Ubuntu-0ubuntu2.20.04, mixed mode, sharing)

[debug] [2022-04-22T17:11:54.142Z] Parsed Java major version: 11
[info] i  emulators: Starting emulators: auth, functions, firestore, hosting {"metadata":{"emulator":{"name":"hub"},"message":"Starting emulators: auth, functions, firestore, hosting"}}
[debug] [2022-04-22T17:11:54.175Z] [hub] writing locator at /tmp/hub-vide-336112.json
[warn] ⚠  functions: The following emulators are not running, calls to these services from the Functions emulator will affect production: database, pubsub, storage {"metadata":{"emulator":{"name":"functions"},"message":"The following emulators are not running, calls to these services from the Functions emulator will affect production: \u001b[1mdatabase, pubsub, storage\u001b[22m"}}
[info] ✔  functions: Using node@16 from host. {"metadata":{"emulator":{"name":"functions"},"message":"Using node@16 from host."}}
[debug] [2022-04-22T17:11:54.207Z] defaultcredentials: writing to file /home/adtjha/.config/firebase/adtjha1_gmail_com_application_default_credentials.json
[debug] [2022-04-22T17:11:54.209Z] Setting GAC to /home/adtjha/.config/firebase/adtjha1_gmail_com_application_default_credentials.json {"metadata":{"emulator":{"name":"functions"},"message":"Setting GAC to /home/adtjha/.config/firebase/adtjha1_gmail_com_application_default_credentials.json"}}
[debug] [2022-04-22T17:11:54.211Z] >>> [apiv2][query] GET https://firebase.googleapis.com/v1beta1/projects/vide-336112/adminSdkConfig [none]
[debug] [2022-04-22T17:11:54.900Z] <<< [apiv2][status] GET https://firebase.googleapis.com/v1beta1/projects/vide-336112/adminSdkConfig 200
[debug] [2022-04-22T17:11:54.902Z] <<< [apiv2][body] GET https://firebase.googleapis.com/v1beta1/projects/vide-336112/adminSdkConfig {"projectId":"vide-336112","storageBucket":"vide-336112.appspot.com","locationId":"us-central"}
[debug] [2022-04-22T17:11:54.956Z] Ignoring unsupported arg: projectId {"metadata":{"emulator":{"name":"firestore"},"message":"Ignoring unsupported arg: projectId"}}
[debug] [2022-04-22T17:11:54.956Z] Ignoring unsupported arg: auto_download {"metadata":{"emulator":{"name":"firestore"},"message":"Ignoring unsupported arg: auto_download"}}
[debug] [2022-04-22T17:11:54.957Z] Starting Firestore Emulator with command {"binary":"java","args":["-Dgoogle.cloud_firestore.debug_log_level=FINE","-Duser.language=en","-jar","/home/adtjha/.cache/firebase/emulators/cloud-firestore-emulator-v1.14.3.jar","--host","localhost","--port",8080,"--rules","/home/adtjha/Documents/6buns/website/firestore.rules","--functions_emulator","localhost:5001"],"optionalArgs":["port","webchannel_port","host","rules","functions_emulator","seed_from_export"],"joinArgs":false} {"metadata":{"emulator":{"name":"firestore"},"message":"Starting Firestore Emulator with command {\"binary\":\"java\",\"args\":[\"-Dgoogle.cloud_firestore.debug_log_level=FINE\",\"-Duser.language=en\",\"-jar\",\"/home/adtjha/.cache/firebase/emulators/cloud-firestore-emulator-v1.14.3.jar\",\"--host\",\"localhost\",\"--port\",8080,\"--rules\",\"/home/adtjha/Documents/6buns/website/firestore.rules\",\"--functions_emulator\",\"localhost:5001\"],\"optionalArgs\":[\"port\",\"webchannel_port\",\"host\",\"rules\",\"functions_emulator\",\"seed_from_export\"],\"joinArgs\":false}"}}
[info] i  firestore: Firestore Emulator logging to firestore-debug.log {"metadata":{"emulator":{"name":"firestore"},"message":"Firestore Emulator logging to \u001b[1mfirestore-debug.log\u001b[22m"}}
[debug] [2022-04-22T17:11:56.768Z] Apr 22, 2022 10:41:56 PM com.google.cloud.datastore.emulator.firestore.websocket.WebSocketServer start
INFO: Started WebSocket server on ws://localhost:41923
 {"metadata":{"emulator":{"name":"firestore"},"message":"Apr 22, 2022 10:41:56 PM com.google.cloud.datastore.emulator.firestore.websocket.WebSocketServer start\nINFO: Started WebSocket server on ws://localhost:41923\n"}}
[debug] [2022-04-22T17:11:56.821Z] API endpoint: http:// {"metadata":{"emulator":{"name":"firestore"},"message":"API endpoint: http://"}}
[debug] [2022-04-22T17:11:56.822Z] localhost:8080
If you are using a library that supports the FIRESTORE_EMULATOR_HOST environment variable, run:

   export FIRESTORE_EMULATOR_HOST=localhost:8080

Dev App Server is now running.

 {"metadata":{"emulator":{"name":"firestore"},"message":"localhost:8080\nIf you are using a library that supports the FIRESTORE_EMULATOR_HOST environment variable, run:\n\n   export FIRESTORE_EMULATOR_HOST=localhost:8080\n\nDev App Server is now running.\n\n"}}
[debug] [2022-04-22T17:12:11.996Z] >>> [apiv2][query] GET https://firebasehosting.googleapis.com/v1beta1/projects/vide-336112/sites 
[debug] [2022-04-22T17:12:13.958Z] <<< [apiv2][status] GET https://firebasehosting.googleapis.com/v1beta1/projects/vide-336112/sites 200
[debug] [2022-04-22T17:12:13.959Z] <<< [apiv2][body] GET https://firebasehosting.googleapis.com/v1beta1/projects/vide-336112/sites {"sites":[{"name":"projects/614615467955/sites/vide-336112","defaultUrl":"https://vide-336112.web.app","appId":"1:614615467955:web:d153745472915b45072dc6","type":"DEFAULT_SITE"}]}
[debug] [2022-04-22T17:12:13.960Z] >>> [apiv2][query] GET https://firebase.googleapis.com/v1beta1/projects/vide-336112/webApps/1:614615467955:web:d153745472915b45072dc6/config [none]
[debug] [2022-04-22T17:12:15.336Z] <<< [apiv2][status] GET https://firebase.googleapis.com/v1beta1/projects/vide-336112/webApps/1:614615467955:web:d153745472915b45072dc6/config 200
[debug] [2022-04-22T17:12:15.337Z] <<< [apiv2][body] GET https://firebase.googleapis.com/v1beta1/projects/vide-336112/webApps/1:614615467955:web:d153745472915b45072dc6/config {"projectId":"vide-336112","appId":"1:614615467955:web:d153745472915b45072dc6","storageBucket":"vide-336112.appspot.com","locationId":"us-central","apiKey":"AIzaSyB-FqYcQw3aZl7fvs139nHZZe1HEVHhhQs","authDomain":"vide-336112.firebaseapp.com","messagingSenderId":"614615467955"}
[info] i  hosting: Serving hosting files from: public {"metadata":{"emulator":{"name":"hosting"},"message":"Serving hosting files from: \u001b[1mpublic\u001b[22m"}}
[info] ✔  hosting: Local server: http://localhost:5000 {"metadata":{"emulator":{"name":"hosting"},"message":"Local server: \u001b[4m\u001b[1mhttp://localhost:5000\u001b[22m\u001b[24m"}}
[debug] [2022-04-22T17:12:15.447Z] Ignoring unsupported arg: auto_download {"metadata":{"emulator":{"name":"ui"},"message":"Ignoring unsupported arg: auto_download"}}
[debug] [2022-04-22T17:12:15.448Z] Ignoring unsupported arg: port {"metadata":{"emulator":{"name":"ui"},"message":"Ignoring unsupported arg: port"}}
[debug] [2022-04-22T17:12:15.449Z] Starting Emulator UI with command {"binary":"node","args":["/home/adtjha/.cache/firebase/emulators/ui-v1.6.5/server.bundle.js"],"optionalArgs":[],"joinArgs":false} {"metadata":{"emulator":{"name":"ui"},"message":"Starting Emulator UI with command {\"binary\":\"node\",\"args\":[\"/home/adtjha/.cache/firebase/emulators/ui-v1.6.5/server.bundle.js\"],\"optionalArgs\":[],\"joinArgs\":false}"}}
[info] i  ui: Emulator UI logging to ui-debug.log {"metadata":{"emulator":{"name":"ui"},"message":"Emulator UI logging to \u001b[1mui-debug.log\u001b[22m"}}
[debug] [2022-04-22T17:12:15.828Z] Web / API server started at localhost:4000
 {"metadata":{"emulator":{"name":"ui"},"message":"Web / API server started at localhost:4000\n"}}
[info] i  functions: Watching "/home/adtjha/Documents/6buns/website/functions" for Cloud Functions... {"metadata":{"emulator":{"name":"functions"},"message":"Watching \"/home/adtjha/Documents/6buns/website/functions\" for Cloud Functions..."}}
[debug] [2022-04-22T17:12:15.984Z] Validating nodejs source
[warn] ⚠  functions: package.json indicates an outdated version of firebase-functions. Please upgrade using npm install --save firebase-functions@latest in your functions directory. 
[debug] [2022-04-22T17:12:18.973Z] > [functions] package.json contents: {
  "name": "functions",
  "description": "Cloud Functions for Firebase",
  "scripts": {
    "lint": "eslint .",
    "serve": "firebase emulators:start --only functions",
    "shell": "firebase functions:shell",
    "start": "npm run shell",
    "deploy": "firebase deploy --only functions",
    "logs": "firebase functions:log"
  },
  "engines": {
    "node": "16"
  },
  "main": "index.js",
  "dependencies": {
    "eslint": "^8.12.0",
    "eslint-config-google": "^0.14.0",
    "firebase-admin": "^10.0.2",
    "firebase-functions": "^3.18.0",
    "stripe": "^8.212.0"
  },
  "devDependencies": {
    "firebase-functions-test": "^0.2.0"
  },
  "private": true
}
[debug] [2022-04-22T17:12:18.973Z] Building nodejs source
[debug] [2022-04-22T17:12:18.973Z] Analyzing nodejs backend spec
[debug] [2022-04-22T17:12:20.738Z] addAuthTrigger {"eventTrigger":{"eventType":"providers/firebase.auth/eventTypes/user.create","resource":"projects/vide-336112"}}
[info] ✔  functions[us-central1-createStripeCustomer]: auth function initialized. {"metadata":{"emulator":{"name":"functions"},"message":"\u001b[1mauth\u001b[22m function initialized."}}
[info] ✔  functions[us-central1-stripeWebhook]: http function initialized (http://localhost:5001/vide-336112/us-central1/stripeWebhook). {"metadata":{"emulator":{"name":"functions"},"message":"\u001b[1mhttp\u001b[22m function initialized (http://localhost:5001/vide-336112/us-central1/stripeWebhook)."}}
[info] ✔  functions[us-central1-createCheckoutSession]: http function initialized (http://localhost:5001/vide-336112/us-central1/createCheckoutSession). {"metadata":{"emulator":{"name":"functions"},"message":"\u001b[1mhttp\u001b[22m function initialized (http://localhost:5001/vide-336112/us-central1/createCheckoutSession)."}}
[info] ✔  functions[us-central1-createPortalSession]: http function initialized (http://localhost:5001/vide-336112/us-central1/createPortalSession). {"metadata":{"emulator":{"name":"functions"},"message":"\u001b[1mhttp\u001b[22m function initialized (http://localhost:5001/vide-336112/us-central1/createPortalSession)."}}
[info] 
┌─────────────────────────────────────────────────────────────┐
│ ✔  All emulators ready! It is now safe to connect your app. │
│ i  View Emulator UI at http://localhost:4000                │
└─────────────────────────────────────────────────────────────┘

┌────────────────┬────────────────┬─────────────────────────────────┐
│ Emulator       │ Host:Port      │ View in Emulator UI             │
├────────────────┼────────────────┼─────────────────────────────────┤
│ Authentication │ localhost:9099 │ http://localhost:4000/auth      │
├────────────────┼────────────────┼─────────────────────────────────┤
│ Functions      │ localhost:5001 │ http://localhost:4000/functions │
├────────────────┼────────────────┼─────────────────────────────────┤
│ Firestore      │ localhost:8080 │ http://localhost:4000/firestore │
├────────────────┼────────────────┼─────────────────────────────────┤
│ Hosting        │ localhost:5000 │ n/a                             │
└────────────────┴────────────────┴─────────────────────────────────┘
  Emulator Hub running at localhost:4400
  Other reserved ports: 4500

Issues? Report them at https://github.com/firebase/firebase-tools/issues and attach the *-debug.log files.
 
[info] i  hosting: 127.0.0.1 - - [22/Apr/2022:17:12:39 +0000] "GET / HTTP/1.1" 200 1201 "-" "Mozilla/5.0 (X11; Linux x86_64) AppleWebKit/537.36 (KHTML, like Gecko) Chrome/99.0.4844.82 Safari/537.36" {"metadata":{"emulator":{"name":"hosting"},"message":"127.0.0.1 - - [22/Apr/2022:17:12:39 +0000] \"GET / HTTP/1.1\" 200 1201 \"-\" \"Mozilla/5.0 (X11; Linux x86_64) AppleWebKit/537.36 (KHTML, like Gecko) Chrome/99.0.4844.82 Safari/537.36\""}}
[info] i  hosting: 127.0.0.1 - - [22/Apr/2022:17:12:39 +0000] "GET /global.css HTTP/1.1" 200 63148 "http://localhost:5000/" "Mozilla/5.0 (X11; Linux x86_64) AppleWebKit/537.36 (KHTML, like Gecko) Chrome/99.0.4844.82 Safari/537.36" {"metadata":{"emulator":{"name":"hosting"},"message":"127.0.0.1 - - [22/Apr/2022:17:12:39 +0000] \"GET /global.css HTTP/1.1\" 200 63148 \"http://localhost:5000/\" \"Mozilla/5.0 (X11; Linux x86_64) AppleWebKit/537.36 (KHTML, like Gecko) Chrome/99.0.4844.82 Safari/537.36\""}}
[info] i  hosting: 127.0.0.1 - - [22/Apr/2022:17:12:39 +0000] "GET /build/bundle.css HTTP/1.1" 200 733 "http://localhost:5000/" "Mozilla/5.0 (X11; Linux x86_64) AppleWebKit/537.36 (KHTML, like Gecko) Chrome/99.0.4844.82 Safari/537.36" {"metadata":{"emulator":{"name":"hosting"},"message":"127.0.0.1 - - [22/Apr/2022:17:12:39 +0000] \"GET /build/bundle.css HTTP/1.1\" 200 733 \"http://localhost:5000/\" \"Mozilla/5.0 (X11; Linux x86_64) AppleWebKit/537.36 (KHTML, like Gecko) Chrome/99.0.4844.82 Safari/537.36\""}}
[info] i  hosting: 127.0.0.1 - - [22/Apr/2022:17:12:39 +0000] "GET /build/bundle.js HTTP/1.1" 200 1652176 "http://localhost:5000/" "Mozilla/5.0 (X11; Linux x86_64) AppleWebKit/537.36 (KHTML, like Gecko) Chrome/99.0.4844.82 Safari/537.36" {"metadata":{"emulator":{"name":"hosting"},"message":"127.0.0.1 - - [22/Apr/2022:17:12:39 +0000] \"GET /build/bundle.js HTTP/1.1\" 200 1652176 \"http://localhost:5000/\" \"Mozilla/5.0 (X11; Linux x86_64) AppleWebKit/537.36 (KHTML, like Gecko) Chrome/99.0.4844.82 Safari/537.36\""}}
[info] i  hosting: 127.0.0.1 - - [22/Apr/2022:17:12:39 +0000] "GET /favicon-32x32.png HTTP/1.1" 200 1437 "http://localhost:5000/" "Mozilla/5.0 (X11; Linux x86_64) AppleWebKit/537.36 (KHTML, like Gecko) Chrome/99.0.4844.82 Safari/537.36" {"metadata":{"emulator":{"name":"hosting"},"message":"127.0.0.1 - - [22/Apr/2022:17:12:39 +0000] \"GET /favicon-32x32.png HTTP/1.1\" 200 1437 \"http://localhost:5000/\" \"Mozilla/5.0 (X11; Linux x86_64) AppleWebKit/537.36 (KHTML, like Gecko) Chrome/99.0.4844.82 Safari/537.36\""}}
[info] i  hosting: 127.0.0.1 - - [22/Apr/2022:17:12:39 +0000] "GET /build/bundle.js.map HTTP/1.1" 200 2963195 "-" "Mozilla/5.0 (X11; Linux x86_64) AppleWebKit/537.36 (KHTML, like Gecko) Chrome/99.0.4844.82 Safari/537.36" {"metadata":{"emulator":{"name":"hosting"},"message":"127.0.0.1 - - [22/Apr/2022:17:12:39 +0000] \"GET /build/bundle.js.map HTTP/1.1\" 200 2963195 \"-\" \"Mozilla/5.0 (X11; Linux x86_64) AppleWebKit/537.36 (KHTML, like Gecko) Chrome/99.0.4844.82 Safari/537.36\""}}
[info] i  hosting: 127.0.0.1 - - [22/Apr/2022:17:12:41 +0000] "GET /favicon.ico HTTP/1.1" 200 15406 "http://localhost:5000/" "Mozilla/5.0 (X11; Linux x86_64) AppleWebKit/537.36 (KHTML, like Gecko) Chrome/99.0.4844.82 Safari/537.36" {"metadata":{"emulator":{"name":"hosting"},"message":"127.0.0.1 - - [22/Apr/2022:17:12:41 +0000] \"GET /favicon.ico HTTP/1.1\" 200 15406 \"http://localhost:5000/\" \"Mozilla/5.0 (X11; Linux x86_64) AppleWebKit/537.36 (KHTML, like Gecko) Chrome/99.0.4844.82 Safari/537.36\""}}
[info] i  hosting: 127.0.0.1 - - [22/Apr/2022:17:12:42 +0000] "GET /favicon-32x32.png HTTP/1.1" 200 1437 "http://localhost:5000/" "Mozilla/5.0 (X11; Linux x86_64) AppleWebKit/537.36 (KHTML, like Gecko) Chrome/99.0.4844.82 Safari/537.36" {"metadata":{"emulator":{"name":"hosting"},"message":"127.0.0.1 - - [22/Apr/2022:17:12:42 +0000] \"GET /favicon-32x32.png HTTP/1.1\" 200 1437 \"http://localhost:5000/\" \"Mozilla/5.0 (X11; Linux x86_64) AppleWebKit/537.36 (KHTML, like Gecko) Chrome/99.0.4844.82 Safari/537.36\""}}
[debug] [2022-04-22T17:12:47.509Z] >>> [apiv2][query] POST http://localhost:5001/functions/projects/vide-336112/trigger_multicast [none]
[debug] [2022-04-22T17:12:47.512Z] >>> [apiv2][body] POST http://localhost:5001/functions/projects/vide-336112/trigger_multicast {"eventId":"256a1a65-0cf4-45a8-8692-2fc76590f637","eventType":"providers/firebase.auth/eventTypes/user.create","resource":{"name":"projects/vide-336112","service":"firebaseauth.googleapis.com"},"params":{},"timestamp":"2022-04-22T17:12:47.499Z","data":{"uid":"XHyqfRff5IOa0IP2sd4NjyaNc3DY","email":"peach.otter.875@example.com","emailVerified":true,"displayName":"Peach Otter","metadata":{"creationTime":"1650647567496","lastSignInTime":"1650647567495"},"customClaims":{},"providerData":[{"providerId":"google.com","rawId":"9803412954916660388875945273548336600754","federatedId":"9803412954916660388875945273548336600754","displayName":"Peach Otter","email":"peach.otter.875@example.com","screenName":"otter_peach"}]}}
[debug] [2022-04-22T17:12:47.533Z] [work-queue] {"queueLength":1,"workRunningCount":0}
[debug] [2022-04-22T17:12:47.535Z] [work-queue] {"queueLength":0,"workRunningCount":1}
[debug] [2022-04-22T17:12:47.535Z] Accepted multicast request POST /functions/projects/vide-336112/trigger_multicast --> us-central1-createStripeCustomer-0 {"metadata":{"emulator":{"name":"functions"},"message":"Accepted multicast request POST /functions/projects/vide-336112/trigger_multicast --> us-central1-createStripeCustomer-0"}}
[debug] [2022-04-22T17:12:47.572Z] [worker-pool] addWorker(us-central1-createStripeCustomer) {"metadata":{"emulator":{"name":"functions"},"message":"[worker-pool] addWorker(us-central1-createStripeCustomer)"}}
[debug] [2022-04-22T17:12:47.573Z] [worker-pool] Adding worker with key us-central1-createStripeCustomer, total=1 {"metadata":{"emulator":{"name":"functions"},"message":"[worker-pool] Adding worker with key us-central1-createStripeCustomer, total=1"}}
[debug] [2022-04-22T17:12:47.573Z] [worker-pool] submitWork(triggerId=us-central1-createStripeCustomer) {"metadata":{"emulator":{"name":"functions"},"message":"[worker-pool] submitWork(triggerId=us-central1-createStripeCustomer)"}}
[debug] [2022-04-22T17:12:47.575Z] [worker-us-central1-createStripeCustomer-dd775c3c-2a98-4134-a745-87b18ff6cb6b]: Assigning socketPath: /tmp/fire_emu_155158.sock {"metadata":{"emulator":{"name":"functions"},"message":"[worker-us-central1-createStripeCustomer-dd775c3c-2a98-4134-a745-87b18ff6cb6b]: Assigning socketPath: /tmp/fire_emu_155158.sock"}}
[debug] [2022-04-22T17:12:47.577Z] [worker-us-central1-createStripeCustomer-dd775c3c-2a98-4134-a745-87b18ff6cb6b]: BUSY {"metadata":{"emulator":{"name":"functions"},"message":"[worker-us-central1-createStripeCustomer-dd775c3c-2a98-4134-a745-87b18ff6cb6b]: BUSY"}}
[debug] [2022-04-22T17:12:47.594Z] <<< [apiv2][status] POST http://localhost:5001/functions/projects/vide-336112/trigger_multicast 200
[debug] [2022-04-22T17:12:47.594Z] <<< [apiv2][body] POST http://localhost:5001/functions/projects/vide-336112/trigger_multicast {"status":"multicast_acknowledged"}
[debug] [2022-04-22T17:12:49.054Z] [runtime-status] [155158] Functions runtime initialized. {"cwd":"/home/adtjha/Documents/6buns/website/functions","node_version":"16.4.2"} {"metadata":{"emulator":{"name":"functions"},"function":{"name":"us-central1-createStripeCustomer"},"extension":{},"message":"[runtime-status] [155158] Functions runtime initialized. {\"cwd\":\"/home/adtjha/Documents/6buns/website/functions\",\"node_version\":\"16.4.2\"}"}}
[debug] [2022-04-22T17:12:49.055Z] [runtime-status] [155158] Disabled runtime features: undefined {"metadata":{"emulator":{"name":"functions"},"function":{"name":"us-central1-createStripeCustomer"},"extension":{},"message":"[runtime-status] [155158] Disabled runtime features: undefined"}}
[debug] [2022-04-22T17:12:49.057Z] [runtime-status] [155158] Resolved module firebase-admin {"declared":true,"installed":true,"version":"10.0.2","resolution":"/home/adtjha/Documents/6buns/website/functions/node_modules/firebase-admin/lib/index.js"} {"metadata":{"emulator":{"name":"functions"},"function":{"name":"us-central1-createStripeCustomer"},"extension":{},"message":"[runtime-status] [155158] Resolved module firebase-admin {\"declared\":true,\"installed\":true,\"version\":\"10.0.2\",\"resolution\":\"/home/adtjha/Documents/6buns/website/functions/node_modules/firebase-admin/lib/index.js\"}"}}
[debug] [2022-04-22T17:12:49.058Z] [runtime-status] [155158] Resolved module firebase-functions {"declared":true,"installed":true,"version":"3.19.0","resolution":"/home/adtjha/Documents/6buns/website/functions/node_modules/firebase-functions/lib/index.js"} {"metadata":{"emulator":{"name":"functions"},"function":{"name":"us-central1-createStripeCustomer"},"extension":{},"message":"[runtime-status] [155158] Resolved module firebase-functions {\"declared\":true,\"installed\":true,\"version\":\"3.19.0\",\"resolution\":\"/home/adtjha/Documents/6buns/website/functions/node_modules/firebase-functions/lib/index.js\"}"}}
[debug] [2022-04-22T17:12:49.058Z] [runtime-status] [155158] Found local functions config: /home/adtjha/Documents/6buns/website/functions/.runtimeconfig.json {"metadata":{"emulator":{"name":"functions"},"function":{"name":"us-central1-createStripeCustomer"},"extension":{},"message":"[runtime-status] [155158] Found local functions config: /home/adtjha/Documents/6buns/website/functions/.runtimeconfig.json"}}
[debug] [2022-04-22T17:12:49.059Z] [runtime-status] [155158] Outgoing network have been stubbed. [{"name":"http","status":"mocked"},{"name":"http","status":"mocked"},{"name":"https","status":"mocked"},{"name":"https","status":"mocked"},{"name":"net","status":"mocked"}] {"metadata":{"emulator":{"name":"functions"},"function":{"name":"us-central1-createStripeCustomer"},"extension":{},"message":"[runtime-status] [155158] Outgoing network have been stubbed. [{\"name\":\"http\",\"status\":\"mocked\"},{\"name\":\"http\",\"status\":\"mocked\"},{\"name\":\"https\",\"status\":\"mocked\"},{\"name\":\"https\",\"status\":\"mocked\"},{\"name\":\"net\",\"status\":\"mocked\"}]"}}
[debug] [2022-04-22T17:12:49.059Z] [runtime-status] [155158] Resolved module firebase-functions {"declared":true,"installed":true,"version":"3.19.0","resolution":"/home/adtjha/Documents/6buns/website/functions/node_modules/firebase-functions/lib/index.js"} {"metadata":{"emulator":{"name":"functions"},"function":{"name":"us-central1-createStripeCustomer"},"extension":{},"message":"[runtime-status] [155158] Resolved module firebase-functions {\"declared\":true,\"installed\":true,\"version\":\"3.19.0\",\"resolution\":\"/home/adtjha/Documents/6buns/website/functions/node_modules/firebase-functions/lib/index.js\"}"}}
[debug] [2022-04-22T17:12:49.090Z] [runtime-status] [155158] Checked functions.config() {"config":{"stripe":{"testkey":"sk_test_51KNlK1SCiwhjjSk0Wh83gIWl21JdXWfH9Gs9NjQr4sos7VTNRocKbvipbqO0LfpnB6NvattHJwLJaajmxNbyAKT900X1bNAggO","secretkey":"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","webhooksecret":"whsec_212T7ZjF0p0HNDmLD0uWjlEI31FytN2p"}}} {"metadata":{"emulator":{"name":"functions"},"function":{"name":"us-central1-createStripeCustomer"},"extension":{},"message":"[runtime-status] [155158] Checked functions.config() {\"config\":{\"stripe\":{\"testkey\":\"sk_test_51KNlK1SCiwhjjSk0Wh83gIWl21JdXWfH9Gs9NjQr4sos7VTNRocKbvipbqO0LfpnB6NvattHJwLJaajmxNbyAKT900X1bNAggO\",\"secretkey\":\"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\",\"webhooksecret\":\"whsec_212T7ZjF0p0HNDmLD0uWjlEI31FytN2p\"}}}"}}
[debug] [2022-04-22T17:12:49.090Z] [runtime-status] [155158] firebase-functions has been stubbed. {"functionsResolution":{"declared":true,"installed":true,"version":"3.19.0","resolution":"/home/adtjha/Documents/6buns/website/functions/node_modules/firebase-functions/lib/index.js"}} {"metadata":{"emulator":{"name":"functions"},"function":{"name":"us-central1-createStripeCustomer"},"extension":{},"message":"[runtime-status] [155158] firebase-functions has been stubbed. {\"functionsResolution\":{\"declared\":true,\"installed\":true,\"version\":\"3.19.0\",\"resolution\":\"/home/adtjha/Documents/6buns/website/functions/node_modules/firebase-functions/lib/index.js\"}}"}}
[debug] [2022-04-22T17:12:49.091Z] [runtime-status] [155158] Resolved module firebase-functions {"declared":true,"installed":true,"version":"3.19.0","resolution":"/home/adtjha/Documents/6buns/website/functions/node_modules/firebase-functions/lib/index.js"} {"metadata":{"emulator":{"name":"functions"},"function":{"name":"us-central1-createStripeCustomer"},"extension":{},"message":"[runtime-status] [155158] Resolved module firebase-functions {\"declared\":true,\"installed\":true,\"version\":\"3.19.0\",\"resolution\":\"/home/adtjha/Documents/6buns/website/functions/node_modules/firebase-functions/lib/index.js\"}"}}
[debug] [2022-04-22T17:12:49.092Z] [runtime-status] [155158] Resolved module firebase-admin {"declared":true,"installed":true,"version":"10.0.2","resolution":"/home/adtjha/Documents/6buns/website/functions/node_modules/firebase-admin/lib/index.js"} {"metadata":{"emulator":{"name":"functions"},"function":{"name":"us-central1-createStripeCustomer"},"extension":{},"message":"[runtime-status] [155158] Resolved module firebase-admin {\"declared\":true,\"installed\":true,\"version\":\"10.0.2\",\"resolution\":\"/home/adtjha/Documents/6buns/website/functions/node_modules/firebase-admin/lib/index.js\"}"}}
[debug] [2022-04-22T17:12:49.093Z] [runtime-status] [155158] Resolved module firebase-functions {"declared":true,"installed":true,"version":"3.19.0","resolution":"/home/adtjha/Documents/6buns/website/functions/node_modules/firebase-functions/lib/index.js"} {"metadata":{"emulator":{"name":"functions"},"function":{"name":"us-central1-createStripeCustomer"},"extension":{},"message":"[runtime-status] [155158] Resolved module firebase-functions {\"declared\":true,\"installed\":true,\"version\":\"3.19.0\",\"resolution\":\"/home/adtjha/Documents/6buns/website/functions/node_modules/firebase-functions/lib/index.js\"}"}}
[debug] [2022-04-22T17:12:49.093Z] [runtime-status] [155158] firebase-admin has been stubbed. {"adminResolution":{"declared":true,"installed":true,"version":"10.0.2","resolution":"/home/adtjha/Documents/6buns/website/functions/node_modules/firebase-admin/lib/index.js"}} {"metadata":{"emulator":{"name":"functions"},"function":{"name":"us-central1-createStripeCustomer"},"extension":{},"message":"[runtime-status] [155158] firebase-admin has been stubbed. {\"adminResolution\":{\"declared\":true,\"installed\":true,\"version\":\"10.0.2\",\"resolution\":\"/home/adtjha/Documents/6buns/website/functions/node_modules/firebase-admin/lib/index.js\"}}"}}
[warn] ⚠  It looks like you're trying to access functions.config().firebase but there is no value there. You can learn more about setting up config here: https://firebase.google.com/docs/functions/local-emulator {"metadata":{"emulator":{"name":"functions"},"function":{"name":"us-central1-createStripeCustomer"},"extension":{},"message":"It looks like you're trying to access functions.config().firebase but there is no value there. You can learn more about setting up config here: https://firebase.google.com/docs/functions/local-emulator"}}
[debug] [2022-04-22T17:12:49.106Z] [runtime-status] [155158] initializeApp(DEFAULT) {"storageBucket":"vide-336112.appspot.com","projectId":"vide-336112"} {"metadata":{"emulator":{"name":"functions"},"function":{"name":"us-central1-createStripeCustomer"},"extension":{},"message":"[runtime-status] [155158] initializeApp(DEFAULT) {\"storageBucket\":\"vide-336112.appspot.com\",\"projectId\":\"vide-336112\"}"}}
[debug] [2022-04-22T17:12:49.165Z] [runtime-status] [155158] Beginning invocation function createStripeCustomer! {"metadata":{"emulator":{"name":"functions"},"function":{"name":"us-central1-createStripeCustomer"},"extension":{},"message":"[runtime-status] [155158] Beginning invocation function createStripeCustomer!"}}
[info] i  functions: Beginning execution of "createStripeCustomer" {"metadata":{"emulator":{"name":"functions"},"function":{"name":"us-central1-createStripeCustomer"},"extension":{},"message":"Beginning execution of \"createStripeCustomer\""}}
[debug] [2022-04-22T17:12:49.169Z] [runtime-status] [155158] Running createStripeCustomer in signature event {"metadata":{"emulator":{"name":"functions"},"function":{"name":"us-central1-createStripeCustomer"},"extension":{},"message":"[runtime-status] [155158] Running createStripeCustomer in signature event"}}
[debug] [2022-04-22T17:12:49.169Z] [runtime-status] [155158] ProcessBackground {"eventId":"256a1a65-0cf4-45a8-8692-2fc76590f637","eventType":"providers/firebase.auth/eventTypes/user.create","resource":{"name":"projects/vide-336112","service":"firebaseauth.googleapis.com"},"params":{},"timestamp":"2022-04-22T17:12:47.499Z","data":{"uid":"XHyqfRff5IOa0IP2sd4NjyaNc3DY","email":"peach.otter.875@example.com","emailVerified":true,"displayName":"Peach Otter","metadata":{"creationTime":"1650647567496","lastSignInTime":"1650647567495"},"customClaims":{},"providerData":[{"providerId":"google.com","rawId":"9803412954916660388875945273548336600754","federatedId":"9803412954916660388875945273548336600754","displayName":"Peach Otter","email":"peach.otter.875@example.com","screenName":"otter_peach"}]}} {"metadata":{"emulator":{"name":"functions"},"function":{"name":"us-central1-createStripeCustomer"},"extension":{},"message":"[runtime-status] [155158] ProcessBackground {\"eventId\":\"256a1a65-0cf4-45a8-8692-2fc76590f637\",\"eventType\":\"providers/firebase.auth/eventTypes/user.create\",\"resource\":{\"name\":\"projects/vide-336112\",\"service\":\"firebaseauth.googleapis.com\"},\"params\":{},\"timestamp\":\"2022-04-22T17:12:47.499Z\",\"data\":{\"uid\":\"XHyqfRff5IOa0IP2sd4NjyaNc3DY\",\"email\":\"peach.otter.875@example.com\",\"emailVerified\":true,\"displayName\":\"Peach Otter\",\"metadata\":{\"creationTime\":\"1650647567496\",\"lastSignInTime\":\"1650647567495\"},\"customClaims\":{},\"providerData\":[{\"providerId\":\"google.com\",\"rawId\":\"9803412954916660388875945273548336600754\",\"federatedId\":\"9803412954916660388875945273548336600754\",\"displayName\":\"Peach Otter\",\"email\":\"peach.otter.875@example.com\",\"screenName\":\"otter_peach\"}]}}"}}
[debug] [2022-04-22T17:12:49.170Z] [runtime-status] [155158] ProcessBackground: lifting resource.name from resource {"name":"projects/vide-336112","service":"firebaseauth.googleapis.com"} {"metadata":{"emulator":{"name":"functions"},"function":{"name":"us-central1-createStripeCustomer"},"extension":{},"message":"[runtime-status] [155158] ProcessBackground: lifting resource.name from resource {\"name\":\"projects/vide-336112\",\"service\":\"firebaseauth.googleapis.com\"}"}}
[debug] [2022-04-22T17:12:49.170Z] [runtime-status] [155158] RunBackground {"data":{"uid":"XHyqfRff5IOa0IP2sd4NjyaNc3DY","email":"peach.otter.875@example.com","emailVerified":true,"displayName":"Peach Otter","metadata":{"creationTime":"1650647567496","lastSignInTime":"1650647567495"},"customClaims":{},"providerData":[{"providerId":"google.com","rawId":"9803412954916660388875945273548336600754","federatedId":"9803412954916660388875945273548336600754","displayName":"Peach Otter","email":"peach.otter.875@example.com","screenName":"otter_peach"}]},"context":{"eventId":"256a1a65-0cf4-45a8-8692-2fc76590f637","eventType":"providers/firebase.auth/eventTypes/user.create","resource":"projects/vide-336112","params":{},"timestamp":"2022-04-22T17:12:47.499Z"}} {"metadata":{"emulator":{"name":"functions"},"function":{"name":"us-central1-createStripeCustomer"},"extension":{},"message":"[runtime-status] [155158] RunBackground {\"data\":{\"uid\":\"XHyqfRff5IOa0IP2sd4NjyaNc3DY\",\"email\":\"peach.otter.875@example.com\",\"emailVerified\":true,\"displayName\":\"Peach Otter\",\"metadata\":{\"creationTime\":\"1650647567496\",\"lastSignInTime\":\"1650647567495\"},\"customClaims\":{},\"providerData\":[{\"providerId\":\"google.com\",\"rawId\":\"9803412954916660388875945273548336600754\",\"federatedId\":\"9803412954916660388875945273548336600754\",\"displayName\":\"Peach Otter\",\"email\":\"peach.otter.875@example.com\",\"screenName\":\"otter_peach\"}]},\"context\":{\"eventId\":\"256a1a65-0cf4-45a8-8692-2fc76590f637\",\"eventType\":\"providers/firebase.auth/eventTypes/user.create\",\"resource\":\"projects/vide-336112\",\"params\":{},\"timestamp\":\"2022-04-22T17:12:47.499Z\"}}"}}
[debug] [2022-04-22T17:12:49.186Z] Apr 22, 2022 10:42:49 PM io.gapi.emulators.netty.HttpVersionRoutingHandler channelRead
INFO: Detected non-HTTP/2 connection.
 {"metadata":{"emulator":{"name":"firestore"},"message":"Apr 22, 2022 10:42:49 PM io.gapi.emulators.netty.HttpVersionRoutingHandler channelRead\nINFO: Detected non-HTTP/2 connection.\n"}}
[debug] [2022-04-22T17:12:53.203Z] Apr 22, 2022 10:42:53 PM io.gapi.emulators.netty.HttpVersionRoutingHandler channelRead
INFO: Detected HTTP/2 connection.
 {"metadata":{"emulator":{"name":"firestore"},"message":"Apr 22, 2022 10:42:53 PM io.gapi.emulators.netty.HttpVersionRoutingHandler channelRead\nINFO: Detected HTTP/2 connection.\n"}}
[debug] [2022-04-22T17:12:56.199Z] Apr 22, 2022 10:42:56 PM io.gapi.emulators.netty.HttpVersionRoutingHandler channelRead
INFO: Detected non-HTTP/2 connection.
 {"metadata":{"emulator":{"name":"firestore"},"message":"Apr 22, 2022 10:42:56 PM io.gapi.emulators.netty.HttpVersionRoutingHandler channelRead\nINFO: Detected non-HTTP/2 connection.\n"}}
[debug] [2022-04-22T17:12:56.279Z] [runtime-status] [155158] Ephemeral server survived. {"metadata":{"emulator":{"name":"functions"},"function":{"name":"us-central1-createStripeCustomer"},"extension":{},"message":"[runtime-status] [155158] Ephemeral server survived."}}
[info] i  functions: Finished "createStripeCustomer" in ~4s {"metadata":{"emulator":{"name":"functions"},"function":{"name":"us-central1-createStripeCustomer"},"extension":{},"message":"Finished \"createStripeCustomer\" in ~4s"}}
[debug] [2022-04-22T17:12:56.285Z] [worker-us-central1-createStripeCustomer-dd775c3c-2a98-4134-a745-87b18ff6cb6b]: IDLE {"metadata":{"emulator":{"name":"functions"},"message":"[worker-us-central1-createStripeCustomer-dd775c3c-2a98-4134-a745-87b18ff6cb6b]: IDLE"}}
[debug] [2022-04-22T17:12:56.285Z] [work-queue] {"queueLength":0,"workRunningCount":0}
[debug] [2022-04-22T17:12:56.291Z] Apr 22, 2022 10:42:56 PM io.gapi.emulators.netty.HttpVersionRoutingHandler channelRead
INFO: Detected non-HTTP/2 connection.
 {"metadata":{"emulator":{"name":"firestore"},"message":"Apr 22, 2022 10:42:56 PM io.gapi.emulators.netty.HttpVersionRoutingHandler channelRead\nINFO: Detected non-HTTP/2 connection.\n"}}
[debug] [2022-04-22T17:13:56.272Z] Apr 22, 2022 10:43:56 PM io.gapi.emulators.netty.HttpVersionRoutingHandler channelRead
INFO: Detected non-HTTP/2 connection.
 {"metadata":{"emulator":{"name":"firestore"},"message":"Apr 22, 2022 10:43:56 PM io.gapi.emulators.netty.HttpVersionRoutingHandler channelRead\nINFO: Detected non-HTTP/2 connection.\n"}}
[debug] [2022-04-22T17:13:56.284Z] Apr 22, 2022 10:43:56 PM com.google.cloud.datastore.emulator.firestore.webchannel.FirestoreV1WebChannelAdapter$FirestoreListenHandler onClose
INFO: channel closed
 {"metadata":{"emulator":{"name":"firestore"},"message":"Apr 22, 2022 10:43:56 PM com.google.cloud.datastore.emulator.firestore.webchannel.FirestoreV1WebChannelAdapter$FirestoreListenHandler onClose\nINFO: channel closed\n"}}
[info] i  hosting: 127.0.0.1 - - [22/Apr/2022:17:14:21 +0000] "GET /favicon-32x32.png HTTP/1.1" 200 1437 "http://localhost:5000/" "Mozilla/5.0 (X11; Linux x86_64) AppleWebKit/537.36 (KHTML, like Gecko) Chrome/99.0.4844.82 Safari/537.36" {"metadata":{"emulator":{"name":"hosting"},"message":"127.0.0.1 - - [22/Apr/2022:17:14:21 +0000] \"GET /favicon-32x32.png HTTP/1.1\" 200 1437 \"http://localhost:5000/\" \"Mozilla/5.0 (X11; Linux x86_64) AppleWebKit/537.36 (KHTML, like Gecko) Chrome/99.0.4844.82 Safari/537.36\""}}
[info] i  hosting: 127.0.0.1 - - [22/Apr/2022:17:14:22 +0000] "GET / HTTP/1.1" 200 1201 "http://localhost:5000/" "Mozilla/5.0 (X11; Linux x86_64) AppleWebKit/537.36 (KHTML, like Gecko) Chrome/99.0.4844.82 Safari/537.36" {"metadata":{"emulator":{"name":"hosting"},"message":"127.0.0.1 - - [22/Apr/2022:17:14:22 +0000] \"GET / HTTP/1.1\" 200 1201 \"http://localhost:5000/\" \"Mozilla/5.0 (X11; Linux x86_64) AppleWebKit/537.36 (KHTML, like Gecko) Chrome/99.0.4844.82 Safari/537.36\""}}
[info] i  hosting: 127.0.0.1 - - [22/Apr/2022:17:14:22 +0000] "GET /global.css HTTP/1.1" 200 63148 "http://localhost:5000/" "Mozilla/5.0 (X11; Linux x86_64) AppleWebKit/537.36 (KHTML, like Gecko) Chrome/99.0.4844.82 Safari/537.36" {"metadata":{"emulator":{"name":"hosting"},"message":"127.0.0.1 - - [22/Apr/2022:17:14:22 +0000] \"GET /global.css HTTP/1.1\" 200 63148 \"http://localhost:5000/\" \"Mozilla/5.0 (X11; Linux x86_64) AppleWebKit/537.36 (KHTML, like Gecko) Chrome/99.0.4844.82 Safari/537.36\""}}
[info] i  hosting: 127.0.0.1 - - [22/Apr/2022:17:14:22 +0000] "GET /build/bundle.css HTTP/1.1" 200 733 "http://localhost:5000/" "Mozilla/5.0 (X11; Linux x86_64) AppleWebKit/537.36 (KHTML, like Gecko) Chrome/99.0.4844.82 Safari/537.36" {"metadata":{"emulator":{"name":"hosting"},"message":"127.0.0.1 - - [22/Apr/2022:17:14:22 +0000] \"GET /build/bundle.css HTTP/1.1\" 200 733 \"http://localhost:5000/\" \"Mozilla/5.0 (X11; Linux x86_64) AppleWebKit/537.36 (KHTML, like Gecko) Chrome/99.0.4844.82 Safari/537.36\""}}
[info] i  hosting: 127.0.0.1 - - [22/Apr/2022:17:14:22 +0000] "GET /build/bundle.js HTTP/1.1" 200 1652199 "http://localhost:5000/" "Mozilla/5.0 (X11; Linux x86_64) AppleWebKit/537.36 (KHTML, like Gecko) Chrome/99.0.4844.82 Safari/537.36" {"metadata":{"emulator":{"name":"hosting"},"message":"127.0.0.1 - - [22/Apr/2022:17:14:22 +0000] \"GET /build/bundle.js HTTP/1.1\" 200 1652199 \"http://localhost:5000/\" \"Mozilla/5.0 (X11; Linux x86_64) AppleWebKit/537.36 (KHTML, like Gecko) Chrome/99.0.4844.82 Safari/537.36\""}}
[info] i  hosting: 127.0.0.1 - - [22/Apr/2022:17:14:22 +0000] "GET /favicon-32x32.png HTTP/1.1" 200 1437 "http://localhost:5000/" "Mozilla/5.0 (X11; Linux x86_64) AppleWebKit/537.36 (KHTML, like Gecko) Chrome/99.0.4844.82 Safari/537.36" {"metadata":{"emulator":{"name":"hosting"},"message":"127.0.0.1 - - [22/Apr/2022:17:14:22 +0000] \"GET /favicon-32x32.png HTTP/1.1\" 200 1437 \"http://localhost:5000/\" \"Mozilla/5.0 (X11; Linux x86_64) AppleWebKit/537.36 (KHTML, like Gecko) Chrome/99.0.4844.82 Safari/537.36\""}}
[info] i  hosting: 127.0.0.1 - - [22/Apr/2022:17:14:22 +0000] "GET /build/bundle.js.map HTTP/1.1" 200 2963235 "-" "Mozilla/5.0 (X11; Linux x86_64) AppleWebKit/537.36 (KHTML, like Gecko) Chrome/99.0.4844.82 Safari/537.36" {"metadata":{"emulator":{"name":"hosting"},"message":"127.0.0.1 - - [22/Apr/2022:17:14:22 +0000] \"GET /build/bundle.js.map HTTP/1.1\" 200 2963235 \"-\" \"Mozilla/5.0 (X11; Linux x86_64) AppleWebKit/537.36 (KHTML, like Gecko) Chrome/99.0.4844.82 Safari/537.36\""}}
[info] i  hosting: 127.0.0.1 - - [22/Apr/2022:17:14:24 +0000] "GET /favicon.ico HTTP/1.1" 200 15406 "http://localhost:5000/" "Mozilla/5.0 (X11; Linux x86_64) AppleWebKit/537.36 (KHTML, like Gecko) Chrome/99.0.4844.82 Safari/537.36" {"metadata":{"emulator":{"name":"hosting"},"message":"127.0.0.1 - - [22/Apr/2022:17:14:24 +0000] \"GET /favicon.ico HTTP/1.1\" 200 15406 \"http://localhost:5000/\" \"Mozilla/5.0 (X11; Linux x86_64) AppleWebKit/537.36 (KHTML, like Gecko) Chrome/99.0.4844.82 Safari/537.36\""}}
[info] i  hosting: 127.0.0.1 - - [22/Apr/2022:17:14:24 +0000] "GET /favicon-32x32.png HTTP/1.1" 200 1437 "http://localhost:5000/" "Mozilla/5.0 (X11; Linux x86_64) AppleWebKit/537.36 (KHTML, like Gecko) Chrome/99.0.4844.82 Safari/537.36" {"metadata":{"emulator":{"name":"hosting"},"message":"127.0.0.1 - - [22/Apr/2022:17:14:24 +0000] \"GET /favicon-32x32.png HTTP/1.1\" 200 1437 \"http://localhost:5000/\" \"Mozilla/5.0 (X11; Linux x86_64) AppleWebKit/537.36 (KHTML, like Gecko) Chrome/99.0.4844.82 Safari/537.36\""}}
[debug] [2022-04-22T17:14:27.976Z] Apr 22, 2022 10:44:27 PM io.gapi.emulators.netty.HttpVersionRoutingHandler channelRead
INFO: Detected non-HTTP/2 connection.
 {"metadata":{"emulator":{"name":"firestore"},"message":"Apr 22, 2022 10:44:27 PM io.gapi.emulators.netty.HttpVersionRoutingHandler channelRead\nINFO: Detected non-HTTP/2 connection.\n"}}
[debug] [2022-04-22T17:14:28.014Z] Apr 22, 2022 10:44:28 PM io.gapi.emulators.netty.HttpVersionRoutingHandler channelRead
INFO: Detected non-HTTP/2 connection.
 {"metadata":{"emulator":{"name":"firestore"},"message":"Apr 22, 2022 10:44:28 PM io.gapi.emulators.netty.HttpVersionRoutingHandler channelRead\nINFO: Detected non-HTTP/2 connection.\n"}}
[debug] [2022-04-22T17:14:28.047Z] Apr 22, 2022 10:44:28 PM io.gapi.emulators.netty.HttpVersionRoutingHandler channelRead
INFO: Detected non-HTTP/2 connection.
 {"metadata":{"emulator":{"name":"firestore"},"message":"Apr 22, 2022 10:44:28 PM io.gapi.emulators.netty.HttpVersionRoutingHandler channelRead\nINFO: Detected non-HTTP/2 connection.\n"}}
[info] i  hosting: 127.0.0.1 - - [22/Apr/2022:17:14:30 +0000] "GET /favicon-32x32.png HTTP/1.1" 200 1437 "http://localhost:5000/" "Mozilla/5.0 (X11; Linux x86_64) AppleWebKit/537.36 (KHTML, like Gecko) Chrome/99.0.4844.82 Safari/537.36" {"metadata":{"emulator":{"name":"hosting"},"message":"127.0.0.1 - - [22/Apr/2022:17:14:30 +0000] \"GET /favicon-32x32.png HTTP/1.1\" 200 1437 \"http://localhost:5000/\" \"Mozilla/5.0 (X11; Linux x86_64) AppleWebKit/537.36 (KHTML, like Gecko) Chrome/99.0.4844.82 Safari/537.36\""}}
[debug] [2022-04-22T17:14:30.416Z] Apr 22, 2022 10:44:30 PM io.gapi.emulators.netty.HttpVersionRoutingHandler channelRead
INFO: Detected non-HTTP/2 connection.
 {"metadata":{"emulator":{"name":"firestore"},"message":"Apr 22, 2022 10:44:30 PM io.gapi.emulators.netty.HttpVersionRoutingHandler channelRead\nINFO: Detected non-HTTP/2 connection.\n"}}
[debug] [2022-04-22T17:14:30.444Z] Apr 22, 2022 10:44:30 PM com.google.cloud.datastore.emulator.firestore.webchannel.FirestoreV1WebChannelAdapter$FirestoreListenHandler onClose
INFO: channel closed
 {"metadata":{"emulator":{"name":"firestore"},"message":"Apr 22, 2022 10:44:30 PM com.google.cloud.datastore.emulator.firestore.webchannel.FirestoreV1WebChannelAdapter$FirestoreListenHandler onClose\nINFO: channel closed\n"}}
[info] i  hosting: 127.0.0.1 - - [22/Apr/2022:17:14:33 +0000] "GET /favicon-32x32.png HTTP/1.1" 200 1437 "http://localhost:5000/" "Mozilla/5.0 (X11; Linux x86_64) AppleWebKit/537.36 (KHTML, like Gecko) Chrome/99.0.4844.82 Safari/537.36" {"metadata":{"emulator":{"name":"hosting"},"message":"127.0.0.1 - - [22/Apr/2022:17:14:33 +0000] \"GET /favicon-32x32.png HTTP/1.1\" 200 1437 \"http://localhost:5000/\" \"Mozilla/5.0 (X11; Linux x86_64) AppleWebKit/537.36 (KHTML, like Gecko) Chrome/99.0.4844.82 Safari/537.36\""}}
[debug] [2022-04-22T17:14:36.438Z] Apr 22, 2022 10:44:36 PM io.gapi.emulators.netty.HttpVersionRoutingHandler channelRead
INFO: Detected non-HTTP/2 connection.
 {"metadata":{"emulator":{"name":"firestore"},"message":"Apr 22, 2022 10:44:36 PM io.gapi.emulators.netty.HttpVersionRoutingHandler channelRead\nINFO: Detected non-HTTP/2 connection.\n"}}
[debug] [2022-04-22T17:14:36.532Z] Apr 22, 2022 10:44:36 PM io.gapi.emulators.netty.HttpVersionRoutingHandler channelRead
INFO: Detected non-HTTP/2 connection.
 {"metadata":{"emulator":{"name":"firestore"},"message":"Apr 22, 2022 10:44:36 PM io.gapi.emulators.netty.HttpVersionRoutingHandler channelRead\nINFO: Detected non-HTTP/2 connection.\n"}}
[debug] [2022-04-22T17:14:36.550Z] Apr 22, 2022 10:44:36 PM io.gapi.emulators.netty.HttpVersionRoutingHandler channelRead
INFO: Detected non-HTTP/2 connection.
 {"metadata":{"emulator":{"name":"firestore"},"message":"Apr 22, 2022 10:44:36 PM io.gapi.emulators.netty.HttpVersionRoutingHandler channelRead\nINFO: Detected non-HTTP/2 connection.\n"}}
[info] i  hosting: 127.0.0.1 - - [22/Apr/2022:17:14:38 +0000] "GET /favicon-32x32.png HTTP/1.1" 200 1437 "http://localhost:5000/" "Mozilla/5.0 (X11; Linux x86_64) AppleWebKit/537.36 (KHTML, like Gecko) Chrome/99.0.4844.82 Safari/537.36" {"metadata":{"emulator":{"name":"hosting"},"message":"127.0.0.1 - - [22/Apr/2022:17:14:38 +0000] \"GET /favicon-32x32.png HTTP/1.1\" 200 1437 \"http://localhost:5000/\" \"Mozilla/5.0 (X11; Linux x86_64) AppleWebKit/537.36 (KHTML, like Gecko) Chrome/99.0.4844.82 Safari/537.36\""}}
[debug] [2022-04-22T17:14:38.738Z] Apr 22, 2022 10:44:38 PM io.gapi.emulators.netty.HttpVersionRoutingHandler channelRead
INFO: Detected non-HTTP/2 connection.
 {"metadata":{"emulator":{"name":"firestore"},"message":"Apr 22, 2022 10:44:38 PM io.gapi.emulators.netty.HttpVersionRoutingHandler channelRead\nINFO: Detected non-HTTP/2 connection.\n"}}
[debug] [2022-04-22T17:14:38.771Z] Apr 22, 2022 10:44:38 PM com.google.cloud.datastore.emulator.firestore.webchannel.FirestoreV1WebChannelAdapter$FirestoreListenHandler onClose
INFO: channel closed
 {"metadata":{"emulator":{"name":"firestore"},"message":"Apr 22, 2022 10:44:38 PM com.google.cloud.datastore.emulator.firestore.webchannel.FirestoreV1WebChannelAdapter$FirestoreListenHandler onClose\nINFO: channel closed\n"}}
[info] i  hosting: 127.0.0.1 - - [22/Apr/2022:17:14:42 +0000] "GET /favicon-32x32.png HTTP/1.1" 200 1437 "http://localhost:5000/" "Mozilla/5.0 (X11; Linux x86_64) AppleWebKit/537.36 (KHTML, like Gecko) Chrome/99.0.4844.82 Safari/537.36" {"metadata":{"emulator":{"name":"hosting"},"message":"127.0.0.1 - - [22/Apr/2022:17:14:42 +0000] \"GET /favicon-32x32.png HTTP/1.1\" 200 1437 \"http://localhost:5000/\" \"Mozilla/5.0 (X11; Linux x86_64) AppleWebKit/537.36 (KHTML, like Gecko) Chrome/99.0.4844.82 Safari/537.36\""}}
[debug] [2022-04-22T17:14:47.050Z] >>> [apiv2][query] POST http://localhost:5001/functions/projects/vide-336112/trigger_multicast [none]
[debug] [2022-04-22T17:14:47.056Z] >>> [apiv2][body] POST http://localhost:5001/functions/projects/vide-336112/trigger_multicast {"eventId":"229bc63c-790d-4e32-990b-5d0b7ac9fdf3","eventType":"providers/firebase.auth/eventTypes/user.create","resource":{"name":"projects/vide-336112","service":"firebaseauth.googleapis.com"},"params":{},"timestamp":"2022-04-22T17:14:47.049Z","data":{"uid":"JX4wMs42n3MFlEVefcve1evJCG1v","email":"algae.peach.4@example.com","emailVerified":true,"displayName":"Algae Peach","metadata":{"creationTime":"1650647687048","lastSignInTime":"1650647687048"},"customClaims":{},"providerData":[{"providerId":"github.com","rawId":"5173234451048691230827632527449386058277","federatedId":"5173234451048691230827632527449386058277","displayName":"Algae Peach","email":"algae.peach.4@example.com","screenName":"peach_algae"}]}}
[debug] [2022-04-22T17:14:47.066Z] [work-queue] {"queueLength":1,"workRunningCount":0}
[debug] [2022-04-22T17:14:47.069Z] [work-queue] {"queueLength":0,"workRunningCount":1}
[debug] [2022-04-22T17:14:47.069Z] Accepted multicast request POST /functions/projects/vide-336112/trigger_multicast --> us-central1-createStripeCustomer-0 {"metadata":{"emulator":{"name":"functions"},"message":"Accepted multicast request POST /functions/projects/vide-336112/trigger_multicast --> us-central1-createStripeCustomer-0"}}
[debug] [2022-04-22T17:14:47.070Z] [worker-pool] submitWork(triggerId=us-central1-createStripeCustomer) {"metadata":{"emulator":{"name":"functions"},"message":"[worker-pool] submitWork(triggerId=us-central1-createStripeCustomer)"}}
[debug] [2022-04-22T17:14:47.070Z] [worker-us-central1-createStripeCustomer-dd775c3c-2a98-4134-a745-87b18ff6cb6b]: Assigning socketPath: /tmp/fire_emu_155158.sock {"metadata":{"emulator":{"name":"functions"},"message":"[worker-us-central1-createStripeCustomer-dd775c3c-2a98-4134-a745-87b18ff6cb6b]: Assigning socketPath: /tmp/fire_emu_155158.sock"}}
[debug] [2022-04-22T17:14:47.070Z] [worker-us-central1-createStripeCustomer-dd775c3c-2a98-4134-a745-87b18ff6cb6b]: BUSY {"metadata":{"emulator":{"name":"functions"},"message":"[worker-us-central1-createStripeCustomer-dd775c3c-2a98-4134-a745-87b18ff6cb6b]: BUSY"}}
[debug] [2022-04-22T17:14:47.080Z] <<< [apiv2][status] POST http://localhost:5001/functions/projects/vide-336112/trigger_multicast 200
[debug] [2022-04-22T17:14:47.081Z] <<< [apiv2][body] POST http://localhost:5001/functions/projects/vide-336112/trigger_multicast {"status":"multicast_acknowledged"}
[debug] [2022-04-22T17:14:47.082Z] [runtime-status] [155158] Beginning invocation function createStripeCustomer! {"metadata":{"emulator":{"name":"functions"},"function":{"name":"us-central1-createStripeCustomer"},"extension":{},"message":"[runtime-status] [155158] Beginning invocation function createStripeCustomer!"}}
[info] i  functions: Beginning execution of "createStripeCustomer" {"metadata":{"emulator":{"name":"functions"},"function":{"name":"us-central1-createStripeCustomer"},"extension":{},"message":"Beginning execution of \"createStripeCustomer\""}}
[debug] [2022-04-22T17:14:47.083Z] [runtime-status] [155158] Running createStripeCustomer in signature event {"metadata":{"emulator":{"name":"functions"},"function":{"name":"us-central1-createStripeCustomer"},"extension":{},"message":"[runtime-status] [155158] Running createStripeCustomer in signature event"}}
[debug] [2022-04-22T17:14:47.083Z] [runtime-status] [155158] ProcessBackground {"eventId":"229bc63c-790d-4e32-990b-5d0b7ac9fdf3","eventType":"providers/firebase.auth/eventTypes/user.create","resource":{"name":"projects/vide-336112","service":"firebaseauth.googleapis.com"},"params":{},"timestamp":"2022-04-22T17:14:47.049Z","data":{"uid":"JX4wMs42n3MFlEVefcve1evJCG1v","email":"algae.peach.4@example.com","emailVerified":true,"displayName":"Algae Peach","metadata":{"creationTime":"1650647687048","lastSignInTime":"1650647687048"},"customClaims":{},"providerData":[{"providerId":"github.com","rawId":"5173234451048691230827632527449386058277","federatedId":"5173234451048691230827632527449386058277","displayName":"Algae Peach","email":"algae.peach.4@example.com","screenName":"peach_algae"}]}} {"metadata":{"emulator":{"name":"functions"},"function":{"name":"us-central1-createStripeCustomer"},"extension":{},"message":"[runtime-status] [155158] ProcessBackground {\"eventId\":\"229bc63c-790d-4e32-990b-5d0b7ac9fdf3\",\"eventType\":\"providers/firebase.auth/eventTypes/user.create\",\"resource\":{\"name\":\"projects/vide-336112\",\"service\":\"firebaseauth.googleapis.com\"},\"params\":{},\"timestamp\":\"2022-04-22T17:14:47.049Z\",\"data\":{\"uid\":\"JX4wMs42n3MFlEVefcve1evJCG1v\",\"email\":\"algae.peach.4@example.com\",\"emailVerified\":true,\"displayName\":\"Algae Peach\",\"metadata\":{\"creationTime\":\"1650647687048\",\"lastSignInTime\":\"1650647687048\"},\"customClaims\":{},\"providerData\":[{\"providerId\":\"github.com\",\"rawId\":\"5173234451048691230827632527449386058277\",\"federatedId\":\"5173234451048691230827632527449386058277\",\"displayName\":\"Algae Peach\",\"email\":\"algae.peach.4@example.com\",\"screenName\":\"peach_algae\"}]}}"}}
[debug] [2022-04-22T17:14:47.083Z] [runtime-status] [155158] ProcessBackground: lifting resource.name from resource {"name":"projects/vide-336112","service":"firebaseauth.googleapis.com"} {"metadata":{"emulator":{"name":"functions"},"function":{"name":"us-central1-createStripeCustomer"},"extension":{},"message":"[runtime-status] [155158] ProcessBackground: lifting resource.name from resource {\"name\":\"projects/vide-336112\",\"service\":\"firebaseauth.googleapis.com\"}"}}
[debug] [2022-04-22T17:14:47.084Z] [runtime-status] [155158] RunBackground {"data":{"uid":"JX4wMs42n3MFlEVefcve1evJCG1v","email":"algae.peach.4@example.com","emailVerified":true,"displayName":"Algae Peach","metadata":{"creationTime":"1650647687048","lastSignInTime":"1650647687048"},"customClaims":{},"providerData":[{"providerId":"github.com","rawId":"5173234451048691230827632527449386058277","federatedId":"5173234451048691230827632527449386058277","displayName":"Algae Peach","email":"algae.peach.4@example.com","screenName":"peach_algae"}]},"context":{"eventId":"229bc63c-790d-4e32-990b-5d0b7ac9fdf3","eventType":"providers/firebase.auth/eventTypes/user.create","resource":"projects/vide-336112","params":{},"timestamp":"2022-04-22T17:14:47.049Z"}} {"metadata":{"emulator":{"name":"functions"},"function":{"name":"us-central1-createStripeCustomer"},"extension":{},"message":"[runtime-status] [155158] RunBackground {\"data\":{\"uid\":\"JX4wMs42n3MFlEVefcve1evJCG1v\",\"email\":\"algae.peach.4@example.com\",\"emailVerified\":true,\"displayName\":\"Algae Peach\",\"metadata\":{\"creationTime\":\"1650647687048\",\"lastSignInTime\":\"1650647687048\"},\"customClaims\":{},\"providerData\":[{\"providerId\":\"github.com\",\"rawId\":\"5173234451048691230827632527449386058277\",\"federatedId\":\"5173234451048691230827632527449386058277\",\"displayName\":\"Algae Peach\",\"email\":\"algae.peach.4@example.com\",\"screenName\":\"peach_algae\"}]},\"context\":{\"eventId\":\"229bc63c-790d-4e32-990b-5d0b7ac9fdf3\",\"eventType\":\"providers/firebase.auth/eventTypes/user.create\",\"resource\":\"projects/vide-336112\",\"params\":{},\"timestamp\":\"2022-04-22T17:14:47.049Z\"}}"}}
[debug] [2022-04-22T17:14:47.716Z] [runtime-status] [155158] Ephemeral server survived. {"metadata":{"emulator":{"name":"functions"},"function":{"name":"us-central1-createStripeCustomer"},"extension":{},"message":"[runtime-status] [155158] Ephemeral server survived."}}
[info] i  functions: Finished "createStripeCustomer" in ~1s {"metadata":{"emulator":{"name":"functions"},"function":{"name":"us-central1-createStripeCustomer"},"extension":{},"message":"Finished \"createStripeCustomer\" in ~1s"}}
[debug] [2022-04-22T17:14:47.719Z] [worker-us-central1-createStripeCustomer-dd775c3c-2a98-4134-a745-87b18ff6cb6b]: IDLE {"metadata":{"emulator":{"name":"functions"},"message":"[worker-us-central1-createStripeCustomer-dd775c3c-2a98-4134-a745-87b18ff6cb6b]: IDLE"}}
[debug] [2022-04-22T17:14:47.719Z] [work-queue] {"queueLength":0,"workRunningCount":0}
[debug] [2022-04-22T17:14:48.636Z] Apr 22, 2022 10:44:48 PM io.gapi.emulators.netty.HttpVersionRoutingHandler channelRead
INFO: Detected non-HTTP/2 connection.
 {"metadata":{"emulator":{"name":"firestore"},"message":"Apr 22, 2022 10:44:48 PM io.gapi.emulators.netty.HttpVersionRoutingHandler channelRead\nINFO: Detected non-HTTP/2 connection.\n"}}
[debug] [2022-04-22T17:14:48.725Z] Apr 22, 2022 10:44:48 PM io.gapi.emulators.netty.HttpVersionRoutingHandler channelRead
INFO: Detected non-HTTP/2 connection.
 {"metadata":{"emulator":{"name":"firestore"},"message":"Apr 22, 2022 10:44:48 PM io.gapi.emulators.netty.HttpVersionRoutingHandler channelRead\nINFO: Detected non-HTTP/2 connection.\n"}}
[debug] [2022-04-22T17:14:48.747Z] Apr 22, 2022 10:44:48 PM io.gapi.emulators.netty.HttpVersionRoutingHandler channelRead
INFO: Detected non-HTTP/2 connection.
 {"metadata":{"emulator":{"name":"firestore"},"message":"Apr 22, 2022 10:44:48 PM io.gapi.emulators.netty.HttpVersionRoutingHandler channelRead\nINFO: Detected non-HTTP/2 connection.\n"}}
[info] i  hosting: 127.0.0.1 - - [22/Apr/2022:17:14:50 +0000] "GET /favicon-32x32.png HTTP/1.1" 200 1437 "http://localhost:5000/" "Mozilla/5.0 (X11; Linux x86_64) AppleWebKit/537.36 (KHTML, like Gecko) Chrome/99.0.4844.82 Safari/537.36" {"metadata":{"emulator":{"name":"hosting"},"message":"127.0.0.1 - - [22/Apr/2022:17:14:50 +0000] \"GET /favicon-32x32.png HTTP/1.1\" 200 1437 \"http://localhost:5000/\" \"Mozilla/5.0 (X11; Linux x86_64) AppleWebKit/537.36 (KHTML, like Gecko) Chrome/99.0.4844.82 Safari/537.36\""}}
[debug] [2022-04-22T17:14:50.668Z] Apr 22, 2022 10:44:50 PM io.gapi.emulators.netty.HttpVersionRoutingHandler channelRead
INFO: Detected non-HTTP/2 connection.
 {"metadata":{"emulator":{"name":"firestore"},"message":"Apr 22, 2022 10:44:50 PM io.gapi.emulators.netty.HttpVersionRoutingHandler channelRead\nINFO: Detected non-HTTP/2 connection.\n"}}
[debug] [2022-04-22T17:14:50.703Z] Apr 22, 2022 10:44:50 PM com.google.cloud.datastore.emulator.firestore.webchannel.FirestoreV1WebChannelAdapter$FirestoreListenHandler onClose
INFO: channel closed
 {"metadata":{"emulator":{"name":"firestore"},"message":"Apr 22, 2022 10:44:50 PM com.google.cloud.datastore.emulator.firestore.webchannel.FirestoreV1WebChannelAdapter$FirestoreListenHandler onClose\nINFO: channel closed\n"}}
[info] i  hosting: 127.0.0.1 - - [22/Apr/2022:17:14:52 +0000] "GET /favicon-32x32.png HTTP/1.1" 200 1437 "http://localhost:5000/" "Mozilla/5.0 (X11; Linux x86_64) AppleWebKit/537.36 (KHTML, like Gecko) Chrome/99.0.4844.82 Safari/537.36" {"metadata":{"emulator":{"name":"hosting"},"message":"127.0.0.1 - - [22/Apr/2022:17:14:52 +0000] \"GET /favicon-32x32.png HTTP/1.1\" 200 1437 \"http://localhost:5000/\" \"Mozilla/5.0 (X11; Linux x86_64) AppleWebKit/537.36 (KHTML, like Gecko) Chrome/99.0.4844.82 Safari/537.36\""}}
[debug] [2022-04-22T17:14:58.813Z] Apr 22, 2022 10:44:58 PM io.gapi.emulators.netty.HttpVersionRoutingHandler channelRead
INFO: Detected non-HTTP/2 connection.
 {"metadata":{"emulator":{"name":"firestore"},"message":"Apr 22, 2022 10:44:58 PM io.gapi.emulators.netty.HttpVersionRoutingHandler channelRead\nINFO: Detected non-HTTP/2 connection.\n"}}
[debug] [2022-04-22T17:14:58.917Z] Apr 22, 2022 10:44:58 PM io.gapi.emulators.netty.HttpVersionRoutingHandler channelRead
INFO: Detected non-HTTP/2 connection.
 {"metadata":{"emulator":{"name":"firestore"},"message":"Apr 22, 2022 10:44:58 PM io.gapi.emulators.netty.HttpVersionRoutingHandler channelRead\nINFO: Detected non-HTTP/2 connection.\n"}}
[debug] [2022-04-22T17:14:58.946Z] Apr 22, 2022 10:44:58 PM io.gapi.emulators.netty.HttpVersionRoutingHandler channelRead
INFO: Detected non-HTTP/2 connection.
 {"metadata":{"emulator":{"name":"firestore"},"message":"Apr 22, 2022 10:44:58 PM io.gapi.emulators.netty.HttpVersionRoutingHandler channelRead\nINFO: Detected non-HTTP/2 connection.\n"}}
[debug] [2022-04-22T17:15:02.822Z] [work-queue] {"queueLength":1,"workRunningCount":0}
[debug] [2022-04-22T17:15:02.822Z] [work-queue] {"queueLength":0,"workRunningCount":1}
[debug] [2022-04-22T17:15:02.823Z] Accepted request POST /vide-336112/us-central1/createPortalSession --> us-central1-createPortalSession
[debug] [2022-04-22T17:15:02.845Z] [worker-pool] addWorker(us-central1-createPortalSession) {"metadata":{"emulator":{"name":"functions"},"message":"[worker-pool] addWorker(us-central1-createPortalSession)"}}
[debug] [2022-04-22T17:15:02.846Z] [worker-pool] Adding worker with key us-central1-createPortalSession, total=1 {"metadata":{"emulator":{"name":"functions"},"message":"[worker-pool] Adding worker with key us-central1-createPortalSession, total=1"}}
[debug] [2022-04-22T17:15:02.846Z] [worker-pool] submitWork(triggerId=us-central1-createPortalSession) {"metadata":{"emulator":{"name":"functions"},"message":"[worker-pool] submitWork(triggerId=us-central1-createPortalSession)"}}
[debug] [2022-04-22T17:15:02.847Z] [worker-us-central1-createPortalSession-27d58fd6-fe89-4b91-9bb6-a2bb01558340]: Assigning socketPath: /tmp/fire_emu_155340.sock {"metadata":{"emulator":{"name":"functions"},"message":"[worker-us-central1-createPortalSession-27d58fd6-fe89-4b91-9bb6-a2bb01558340]: Assigning socketPath: /tmp/fire_emu_155340.sock"}}
[debug] [2022-04-22T17:15:02.848Z] [worker-us-central1-createPortalSession-27d58fd6-fe89-4b91-9bb6-a2bb01558340]: BUSY {"metadata":{"emulator":{"name":"functions"},"message":"[worker-us-central1-createPortalSession-27d58fd6-fe89-4b91-9bb6-a2bb01558340]: BUSY"}}
[debug] [2022-04-22T17:15:04.123Z] [runtime-status] [155340] Functions runtime initialized. {"cwd":"/home/adtjha/Documents/6buns/website/functions","node_version":"16.4.2"} {"metadata":{"emulator":{"name":"functions"},"function":{"name":"us-central1-createPortalSession"},"extension":{},"message":"[runtime-status] [155340] Functions runtime initialized. {\"cwd\":\"/home/adtjha/Documents/6buns/website/functions\",\"node_version\":\"16.4.2\"}"}}
[debug] [2022-04-22T17:15:04.125Z] [runtime-status] [155340] Disabled runtime features: undefined {"metadata":{"emulator":{"name":"functions"},"function":{"name":"us-central1-createPortalSession"},"extension":{},"message":"[runtime-status] [155340] Disabled runtime features: undefined"}}
[debug] [2022-04-22T17:15:04.127Z] [runtime-status] [155340] Resolved module firebase-admin {"declared":true,"installed":true,"version":"10.0.2","resolution":"/home/adtjha/Documents/6buns/website/functions/node_modules/firebase-admin/lib/index.js"} {"metadata":{"emulator":{"name":"functions"},"function":{"name":"us-central1-createPortalSession"},"extension":{},"message":"[runtime-status] [155340] Resolved module firebase-admin {\"declared\":true,\"installed\":true,\"version\":\"10.0.2\",\"resolution\":\"/home/adtjha/Documents/6buns/website/functions/node_modules/firebase-admin/lib/index.js\"}"}}
[debug] [2022-04-22T17:15:04.128Z] [runtime-status] [155340] Resolved module firebase-functions {"declared":true,"installed":true,"version":"3.19.0","resolution":"/home/adtjha/Documents/6buns/website/functions/node_modules/firebase-functions/lib/index.js"} {"metadata":{"emulator":{"name":"functions"},"function":{"name":"us-central1-createPortalSession"},"extension":{},"message":"[runtime-status] [155340] Resolved module firebase-functions {\"declared\":true,\"installed\":true,\"version\":\"3.19.0\",\"resolution\":\"/home/adtjha/Documents/6buns/website/functions/node_modules/firebase-functions/lib/index.js\"}"}}
[debug] [2022-04-22T17:15:04.129Z] [runtime-status] [155340] Found local functions config: /home/adtjha/Documents/6buns/website/functions/.runtimeconfig.json {"metadata":{"emulator":{"name":"functions"},"function":{"name":"us-central1-createPortalSession"},"extension":{},"message":"[runtime-status] [155340] Found local functions config: /home/adtjha/Documents/6buns/website/functions/.runtimeconfig.json"}}
[debug] [2022-04-22T17:15:04.131Z] [runtime-status] [155340] Outgoing network have been stubbed. [{"name":"http","status":"mocked"},{"name":"http","status":"mocked"},{"name":"https","status":"mocked"},{"name":"https","status":"mocked"},{"name":"net","status":"mocked"}] {"metadata":{"emulator":{"name":"functions"},"function":{"name":"us-central1-createPortalSession"},"extension":{},"message":"[runtime-status] [155340] Outgoing network have been stubbed. [{\"name\":\"http\",\"status\":\"mocked\"},{\"name\":\"http\",\"status\":\"mocked\"},{\"name\":\"https\",\"status\":\"mocked\"},{\"name\":\"https\",\"status\":\"mocked\"},{\"name\":\"net\",\"status\":\"mocked\"}]"}}
[debug] [2022-04-22T17:15:04.131Z] [runtime-status] [155340] Resolved module firebase-functions {"declared":true,"installed":true,"version":"3.19.0","resolution":"/home/adtjha/Documents/6buns/website/functions/node_modules/firebase-functions/lib/index.js"} {"metadata":{"emulator":{"name":"functions"},"function":{"name":"us-central1-createPortalSession"},"extension":{},"message":"[runtime-status] [155340] Resolved module firebase-functions {\"declared\":true,\"installed\":true,\"version\":\"3.19.0\",\"resolution\":\"/home/adtjha/Documents/6buns/website/functions/node_modules/firebase-functions/lib/index.js\"}"}}
[debug] [2022-04-22T17:15:04.165Z] [runtime-status] [155340] Checked functions.config() {"config":{"stripe":{"testkey":"sk_test_51KNlK1SCiwhjjSk0Wh83gIWl21JdXWfH9Gs9NjQr4sos7VTNRocKbvipbqO0LfpnB6NvattHJwLJaajmxNbyAKT900X1bNAggO","secretkey":"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","webhooksecret":"whsec_212T7ZjF0p0HNDmLD0uWjlEI31FytN2p"}}} {"metadata":{"emulator":{"name":"functions"},"function":{"name":"us-central1-createPortalSession"},"extension":{},"message":"[runtime-status] [155340] Checked functions.config() {\"config\":{\"stripe\":{\"testkey\":\"sk_test_51KNlK1SCiwhjjSk0Wh83gIWl21JdXWfH9Gs9NjQr4sos7VTNRocKbvipbqO0LfpnB6NvattHJwLJaajmxNbyAKT900X1bNAggO\",\"secretkey\":\"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\",\"webhooksecret\":\"whsec_212T7ZjF0p0HNDmLD0uWjlEI31FytN2p\"}}}"}}
[debug] [2022-04-22T17:15:04.165Z] [runtime-status] [155340] firebase-functions has been stubbed. {"functionsResolution":{"declared":true,"installed":true,"version":"3.19.0","resolution":"/home/adtjha/Documents/6buns/website/functions/node_modules/firebase-functions/lib/index.js"}} {"metadata":{"emulator":{"name":"functions"},"function":{"name":"us-central1-createPortalSession"},"extension":{},"message":"[runtime-status] [155340] firebase-functions has been stubbed. {\"functionsResolution\":{\"declared\":true,\"installed\":true,\"version\":\"3.19.0\",\"resolution\":\"/home/adtjha/Documents/6buns/website/functions/node_modules/firebase-functions/lib/index.js\"}}"}}
[debug] [2022-04-22T17:15:04.166Z] [runtime-status] [155340] Resolved module firebase-functions {"declared":true,"installed":true,"version":"3.19.0","resolution":"/home/adtjha/Documents/6buns/website/functions/node_modules/firebase-functions/lib/index.js"} {"metadata":{"emulator":{"name":"functions"},"function":{"name":"us-central1-createPortalSession"},"extension":{},"message":"[runtime-status] [155340] Resolved module firebase-functions {\"declared\":true,\"installed\":true,\"version\":\"3.19.0\",\"resolution\":\"/home/adtjha/Documents/6buns/website/functions/node_modules/firebase-functions/lib/index.js\"}"}}
[debug] [2022-04-22T17:15:04.170Z] [runtime-status] [155340] Resolved module firebase-admin {"declared":true,"installed":true,"version":"10.0.2","resolution":"/home/adtjha/Documents/6buns/website/functions/node_modules/firebase-admin/lib/index.js"} {"metadata":{"emulator":{"name":"functions"},"function":{"name":"us-central1-createPortalSession"},"extension":{},"message":"[runtime-status] [155340] Resolved module firebase-admin {\"declared\":true,\"installed\":true,\"version\":\"10.0.2\",\"resolution\":\"/home/adtjha/Documents/6buns/website/functions/node_modules/firebase-admin/lib/index.js\"}"}}
[debug] [2022-04-22T17:15:04.171Z] [runtime-status] [155340] Resolved module firebase-functions {"declared":true,"installed":true,"version":"3.19.0","resolution":"/home/adtjha/Documents/6buns/website/functions/node_modules/firebase-functions/lib/index.js"} {"metadata":{"emulator":{"name":"functions"},"function":{"name":"us-central1-createPortalSession"},"extension":{},"message":"[runtime-status] [155340] Resolved module firebase-functions {\"declared\":true,\"installed\":true,\"version\":\"3.19.0\",\"resolution\":\"/home/adtjha/Documents/6buns/website/functions/node_modules/firebase-functions/lib/index.js\"}"}}
[debug] [2022-04-22T17:15:04.172Z] [runtime-status] [155340] firebase-admin has been stubbed. {"adminResolution":{"declared":true,"installed":true,"version":"10.0.2","resolution":"/home/adtjha/Documents/6buns/website/functions/node_modules/firebase-admin/lib/index.js"}} {"metadata":{"emulator":{"name":"functions"},"function":{"name":"us-central1-createPortalSession"},"extension":{},"message":"[runtime-status] [155340] firebase-admin has been stubbed. {\"adminResolution\":{\"declared\":true,\"installed\":true,\"version\":\"10.0.2\",\"resolution\":\"/home/adtjha/Documents/6buns/website/functions/node_modules/firebase-admin/lib/index.js\"}}"}}
[debug] [2022-04-22T17:15:04.175Z] [runtime-status] [155340] initializeApp(DEFAULT) {"storageBucket":"vide-336112.appspot.com","projectId":"vide-336112"} {"metadata":{"emulator":{"name":"functions"},"function":{"name":"us-central1-createPortalSession"},"extension":{},"message":"[runtime-status] [155340] initializeApp(DEFAULT) {\"storageBucket\":\"vide-336112.appspot.com\",\"projectId\":\"vide-336112\"}"}}
[debug] [2022-04-22T17:15:04.241Z] [runtime-status] [155340] Beginning invocation function createPortalSession! {"metadata":{"emulator":{"name":"functions"},"function":{"name":"us-central1-createPortalSession"},"extension":{},"message":"[runtime-status] [155340] Beginning invocation function createPortalSession!"}}
[info] i  functions: Beginning execution of "createPortalSession" {"metadata":{"emulator":{"name":"functions"},"function":{"name":"us-central1-createPortalSession"},"extension":{},"message":"Beginning execution of \"createPortalSession\""}}
[debug] [2022-04-22T17:15:04.242Z] [runtime-status] [155340] Running createPortalSession in signature http {"metadata":{"emulator":{"name":"functions"},"function":{"name":"us-central1-createPortalSession"},"extension":{},"message":"[runtime-status] [155340] Running createPortalSession in signature http"}}
[debug] [2022-04-22T17:15:04.245Z] [runtime-status] [155340] Attempting to listen to socketPath: /tmp/fire_emu_155340.sock {"metadata":{"emulator":{"name":"functions"},"function":{"name":"us-central1-createPortalSession"},"extension":{},"message":"[runtime-status] [155340] Attempting to listen to socketPath: /tmp/fire_emu_155340.sock"}}
[debug] [2022-04-22T17:15:04.248Z] [functions] Runtime ready! Sending request! {"metadata":{"emulator":{"name":"functions"},"message":"[functions] Runtime ready! Sending request!"}}
[debug] [2022-04-22T17:15:04.249Z] [functions] Got req.url=/vide-336112/us-central1/createPortalSession, mapping to path=/ {"metadata":{"emulator":{"name":"functions"},"message":"[functions] Got req.url=/vide-336112/us-central1/createPortalSession, mapping to path=/"}}
[debug] [2022-04-22T17:15:04.268Z] [runtime-status] [155340] Ephemeral server handling POST request {"metadata":{"emulator":{"name":"functions"},"function":{"name":"us-central1-createPortalSession"},"extension":{},"message":"[runtime-status] [155340] Ephemeral server handling POST request"}}
[info] >  cus_LYX8qXlOqXTm9Z {"user":"cus_LYX8qXlOqXTm9Z","metadata":{"emulator":{"name":"functions"},"function":{"name":"us-central1-createPortalSession"},"extension":{},"message":"\u001b[90m> \u001b[39m cus_LYX8qXlOqXTm9Z"}}
[debug] [2022-04-22T17:15:04.906Z] [runtime-status] [155340] Ephemeral server survived. {"metadata":{"emulator":{"name":"functions"},"function":{"name":"us-central1-createPortalSession"},"extension":{},"message":"[runtime-status] [155340] Ephemeral server survived."}}
[warn] ⚠  functions: Error: You can’t create a portal session in live mode until you save your customer portal settings in live mode at https://dashboard.stripe.com/settings/billing/portal.
    at Function.generate (/home/adtjha/Documents/6buns/website/functions/node_modules/stripe/lib/Error.js:40:16)
    at res.toJSON.then.StripeAPIError.message (/home/adtjha/Documents/6buns/website/functions/node_modules/stripe/lib/StripeResource.js:220:35)
    at processTicksAndRejections (node:internal/process/task_queues:96:5) {"metadata":{"emulator":{"name":"functions"},"function":{"name":"us-central1-createPortalSession"},"extension":{},"message":"Error: You can’t create a portal session in live mode until you save your customer portal settings in live mode at https://dashboard.stripe.com/settings/billing/portal.\n    at Function.generate (/home/adtjha/Documents/6buns/website/functions/node_modules/stripe/lib/Error.js:40:16)\n    at res.toJSON.then.StripeAPIError.message (/home/adtjha/Documents/6buns/website/functions/node_modules/stripe/lib/StripeResource.js:220:35)\n    at processTicksAndRejections (node:internal/process/task_queues:96:5)"}}
[warn] ⚠  Your function was killed because it raised an unhandled error. {"metadata":{"emulator":{"name":"functions"},"function":{"name":"us-central1-createPortalSession"},"extension":{},"message":"Your function was killed because it raised an unhandled error."}}
[debug] [2022-04-22T17:15:04.941Z] [worker-us-central1-createPortalSession-27d58fd6-fe89-4b91-9bb6-a2bb01558340]: exited {"metadata":{"emulator":{"name":"functions"},"message":"[worker-us-central1-createPortalSession-27d58fd6-fe89-4b91-9bb6-a2bb01558340]: exited"}}
[debug] [2022-04-22T17:15:04.942Z] [worker-us-central1-createPortalSession-27d58fd6-fe89-4b91-9bb6-a2bb01558340]: FINISHED {"metadata":{"emulator":{"name":"functions"},"message":"[worker-us-central1-createPortalSession-27d58fd6-fe89-4b91-9bb6-a2bb01558340]: FINISHED"}}
[debug] [2022-04-22T17:15:04.943Z] [work-queue] {"queueLength":0,"workRunningCount":0}
[debug] [2022-04-22T17:15:04.974Z] Apr 22, 2022 10:45:04 PM io.gapi.emulators.netty.HttpVersionRoutingHandler channelRead
INFO: Detected non-HTTP/2 connection.
 {"metadata":{"emulator":{"name":"firestore"},"message":"Apr 22, 2022 10:45:04 PM io.gapi.emulators.netty.HttpVersionRoutingHandler channelRead\nINFO: Detected non-HTTP/2 connection.\n"}}
[debug] [2022-04-22T17:15:05.193Z] Functions emulator received unknown request at path /favicon.ico
[info] i  hosting: 127.0.0.1 - - [22/Apr/2022:18:33:39 +0000] "GET /account HTTP/1.1" 200 1201 "http://localhost:5000/" "Mozilla/5.0 (X11; Linux x86_64) AppleWebKit/537.36 (KHTML, like Gecko) Chrome/99.0.4844.82 Safari/537.36" {"metadata":{"emulator":{"name":"hosting"},"message":"127.0.0.1 - - [22/Apr/2022:18:33:39 +0000] \"GET /account HTTP/1.1\" 200 1201 \"http://localhost:5000/\" \"Mozilla/5.0 (X11; Linux x86_64) AppleWebKit/537.36 (KHTML, like Gecko) Chrome/99.0.4844.82 Safari/537.36\""}}
[info] i  hosting: 127.0.0.1 - - [22/Apr/2022:18:33:39 +0000] "GET /global.css HTTP/1.1" 200 63148 "http://localhost:5000/account" "Mozilla/5.0 (X11; Linux x86_64) AppleWebKit/537.36 (KHTML, like Gecko) Chrome/99.0.4844.82 Safari/537.36" {"metadata":{"emulator":{"name":"hosting"},"message":"127.0.0.1 - - [22/Apr/2022:18:33:39 +0000] \"GET /global.css HTTP/1.1\" 200 63148 \"http://localhost:5000/account\" \"Mozilla/5.0 (X11; Linux x86_64) AppleWebKit/537.36 (KHTML, like Gecko) Chrome/99.0.4844.82 Safari/537.36\""}}
[info] i  hosting: 127.0.0.1 - - [22/Apr/2022:18:33:39 +0000] "GET /build/bundle.css HTTP/1.1" 200 733 "http://localhost:5000/account" "Mozilla/5.0 (X11; Linux x86_64) AppleWebKit/537.36 (KHTML, like Gecko) Chrome/99.0.4844.82 Safari/537.36" {"metadata":{"emulator":{"name":"hosting"},"message":"127.0.0.1 - - [22/Apr/2022:18:33:39 +0000] \"GET /build/bundle.css HTTP/1.1\" 200 733 \"http://localhost:5000/account\" \"Mozilla/5.0 (X11; Linux x86_64) AppleWebKit/537.36 (KHTML, like Gecko) Chrome/99.0.4844.82 Safari/537.36\""}}
[info] i  hosting: 127.0.0.1 - - [22/Apr/2022:18:33:39 +0000] "GET /build/bundle.js HTTP/1.1" 200 1652199 "http://localhost:5000/account" "Mozilla/5.0 (X11; Linux x86_64) AppleWebKit/537.36 (KHTML, like Gecko) Chrome/99.0.4844.82 Safari/537.36" {"metadata":{"emulator":{"name":"hosting"},"message":"127.0.0.1 - - [22/Apr/2022:18:33:39 +0000] \"GET /build/bundle.js HTTP/1.1\" 200 1652199 \"http://localhost:5000/account\" \"Mozilla/5.0 (X11; Linux x86_64) AppleWebKit/537.36 (KHTML, like Gecko) Chrome/99.0.4844.82 Safari/537.36\""}}
[info] i  hosting: 127.0.0.1 - - [22/Apr/2022:18:33:39 +0000] "GET /favicon-32x32.png HTTP/1.1" 200 1437 "http://localhost:5000/account" "Mozilla/5.0 (X11; Linux x86_64) AppleWebKit/537.36 (KHTML, like Gecko) Chrome/99.0.4844.82 Safari/537.36" {"metadata":{"emulator":{"name":"hosting"},"message":"127.0.0.1 - - [22/Apr/2022:18:33:39 +0000] \"GET /favicon-32x32.png HTTP/1.1\" 200 1437 \"http://localhost:5000/account\" \"Mozilla/5.0 (X11; Linux x86_64) AppleWebKit/537.36 (KHTML, like Gecko) Chrome/99.0.4844.82 Safari/537.36\""}}
[info] i  hosting: 127.0.0.1 - - [22/Apr/2022:18:33:39 +0000] "GET /build/bundle.js.map HTTP/1.1" 200 2963235 "-" "Mozilla/5.0 (X11; Linux x86_64) AppleWebKit/537.36 (KHTML, like Gecko) Chrome/99.0.4844.82 Safari/537.36" {"metadata":{"emulator":{"name":"hosting"},"message":"127.0.0.1 - - [22/Apr/2022:18:33:39 +0000] \"GET /build/bundle.js.map HTTP/1.1\" 200 2963235 \"-\" \"Mozilla/5.0 (X11; Linux x86_64) AppleWebKit/537.36 (KHTML, like Gecko) Chrome/99.0.4844.82 Safari/537.36\""}}
[debug] [2022-04-22T18:33:41.724Z] Apr 23, 2022 12:03:41 AM io.gapi.emulators.netty.HttpVersionRoutingHandler channelRead
INFO: Detected non-HTTP/2 connection.
 {"metadata":{"emulator":{"name":"firestore"},"message":"Apr 23, 2022 12:03:41 AM io.gapi.emulators.netty.HttpVersionRoutingHandler channelRead\nINFO: Detected non-HTTP/2 connection.\n"}}
[debug] [2022-04-22T18:33:41.968Z] Apr 23, 2022 12:03:41 AM io.gapi.emulators.netty.HttpVersionRoutingHandler channelRead
INFO: Detected non-HTTP/2 connection.
 {"metadata":{"emulator":{"name":"firestore"},"message":"Apr 23, 2022 12:03:41 AM io.gapi.emulators.netty.HttpVersionRoutingHandler channelRead\nINFO: Detected non-HTTP/2 connection.\n"}}
[debug] [2022-04-22T18:33:42.002Z] Apr 23, 2022 12:03:42 AM io.gapi.emulators.netty.HttpVersionRoutingHandler channelRead
INFO: Detected non-HTTP/2 connection.
 {"metadata":{"emulator":{"name":"firestore"},"message":"Apr 23, 2022 12:03:42 AM io.gapi.emulators.netty.HttpVersionRoutingHandler channelRead\nINFO: Detected non-HTTP/2 connection.\n"}}
[info] i  hosting: 127.0.0.1 - - [22/Apr/2022:18:33:43 +0000] "GET /favicon-32x32.png HTTP/1.1" 200 1437 "http://localhost:5000/account" "Mozilla/5.0 (X11; Linux x86_64) AppleWebKit/537.36 (KHTML, like Gecko) Chrome/99.0.4844.82 Safari/537.36" {"metadata":{"emulator":{"name":"hosting"},"message":"127.0.0.1 - - [22/Apr/2022:18:33:43 +0000] \"GET /favicon-32x32.png HTTP/1.1\" 200 1437 \"http://localhost:5000/account\" \"Mozilla/5.0 (X11; Linux x86_64) AppleWebKit/537.36 (KHTML, like Gecko) Chrome/99.0.4844.82 Safari/537.36\""}}
[debug] [2022-04-22T18:33:43.770Z] Apr 23, 2022 12:03:43 AM io.gapi.emulators.netty.HttpVersionRoutingHandler channelRead
INFO: Detected non-HTTP/2 connection.
 {"metadata":{"emulator":{"name":"firestore"},"message":"Apr 23, 2022 12:03:43 AM io.gapi.emulators.netty.HttpVersionRoutingHandler channelRead\nINFO: Detected non-HTTP/2 connection.\n"}}
[debug] [2022-04-22T18:33:43.797Z] Apr 23, 2022 12:03:43 AM com.google.cloud.datastore.emulator.firestore.webchannel.FirestoreV1WebChannelAdapter$FirestoreListenHandler onClose
INFO: channel closed
 {"metadata":{"emulator":{"name":"firestore"},"message":"Apr 23, 2022 12:03:43 AM com.google.cloud.datastore.emulator.firestore.webchannel.FirestoreV1WebChannelAdapter$FirestoreListenHandler onClose\nINFO: channel closed\n"}}
[info] i  hosting: 127.0.0.1 - - [22/Apr/2022:18:33:50 +0000] "GET /favicon-32x32.png HTTP/1.1" 200 1437 "http://localhost:5000/account" "Mozilla/5.0 (X11; Linux x86_64) AppleWebKit/537.36 (KHTML, like Gecko) Chrome/99.0.4844.82 Safari/537.36" {"metadata":{"emulator":{"name":"hosting"},"message":"127.0.0.1 - - [22/Apr/2022:18:33:50 +0000] \"GET /favicon-32x32.png HTTP/1.1\" 200 1437 \"http://localhost:5000/account\" \"Mozilla/5.0 (X11; Linux x86_64) AppleWebKit/537.36 (KHTML, like Gecko) Chrome/99.0.4844.82 Safari/537.36\""}}
[debug] [2022-04-22T18:33:54.787Z] Apr 23, 2022 12:03:54 AM io.gapi.emulators.netty.HttpVersionRoutingHandler channelRead
INFO: Detected non-HTTP/2 connection.
 {"metadata":{"emulator":{"name":"firestore"},"message":"Apr 23, 2022 12:03:54 AM io.gapi.emulators.netty.HttpVersionRoutingHandler channelRead\nINFO: Detected non-HTTP/2 connection.\n"}}
[debug] [2022-04-22T18:33:54.846Z] Apr 23, 2022 12:03:54 AM io.gapi.emulators.netty.HttpVersionRoutingHandler channelRead
INFO: Detected non-HTTP/2 connection.
 {"metadata":{"emulator":{"name":"firestore"},"message":"Apr 23, 2022 12:03:54 AM io.gapi.emulators.netty.HttpVersionRoutingHandler channelRead\nINFO: Detected non-HTTP/2 connection.\n"}}
[debug] [2022-04-22T18:33:54.878Z] Apr 23, 2022 12:03:54 AM io.gapi.emulators.netty.HttpVersionRoutingHandler channelRead
INFO: Detected non-HTTP/2 connection.
 {"metadata":{"emulator":{"name":"firestore"},"message":"Apr 23, 2022 12:03:54 AM io.gapi.emulators.netty.HttpVersionRoutingHandler channelRead\nINFO: Detected non-HTTP/2 connection.\n"}}
